

> angular-turbo-v20@0.0.0 build
> ng build

[1G[0K[?25l[2m◼[22m Building...
[2K[1A[2K[G[33m⠋[39m Building...
[2K[1A[2K[G[33m⠙[39m Building...
[2K[1A[2K[G[33m⠹[39m Building...
[2K[1A[2K[G[33m⠸[39m Building...
[2K[1A[2K[G[33m⠼[39m Building...
[2K[1A[2K[G[33m⠴[39m Building...
[2K[1A[2K[G[33m⠦[39m Building...
[2K[1A[2K[G[33m⠧[39m Building...
[2K[1A[2K[G[33m⠇[39m Building...
[2K[1A[2K[G[33m⠏[39m Building...
[2K[1A[2K[G[33m⠋[39m Building...
[2K[1A[2K[G[33m⠙[39m Building...
[2K[1A[2K[G[33m⠹[39m Building...
[2K[1A[2K[G[33m⠸[39m Building...
[2K[1A[2K[G[33m⠼[39m Building...
[2K[1A[2K[G[33m⠴[39m Building...
[2K[1A[2K[G[33m⠦[39m Building...
[2K[1A[2K[G[33m⠧[39m Building...
[2K[1A[2K[G[33m⠇[39m Building...
[2K[1A[2K[G[33m⠏[39m Building...
[2K[1A[2K[G[33m⠋[39m Building...
[2K[1A[2K[G[33m⠙[39m Building...
[2K[1A[2K[G[33m⠹[39m Building...
[2K[1A[2K[G[33m⠸[39m Building...
[2K[1A[2K[G[33m⠼[39m Building...
[2K[1A[2K[G[33m⠴[39m Building...
[2K[1A[2K[G[33m⠦[39m Building...
[2K[1A[2K[G[33m⠧[39m Building...
[2K[1A[2K[G[33m⠇[39m Building...
[2K[1A[2K[G[33m⠏[39m Building...
[2K[1A[2K[G[33m⠋[39m Building...
[2K[1A[2K[G[33m⠙[39m Building...
[2K[1A[2K[G[33m⠹[39m Building...
[2K[1A[2K[G[33m⠸[39m Building...
[2K[1A[2K[G[33m⠼[39m Building...
[2K[1A[2K[G[33m⠴[39m Building...
[2K[1A[2K[G[33m⠦[39m Building...
[2K[1A[2K[G[33m⠧[39m Building...
[2K[1A[2K[G[33m⠇[39m Building...
[2K[1A[2K[G[33m⠏[39m Building...
[2K[1A[2K[G[33m⠋[39m Building...
[2K[1A[2K[G[33m⠙[39m Building...
[2K[1A[2K[G[33m⠹[39m Building...
[2K[1A[2K[G[33m⠸[39m Building...
[2K[1A[2K[G[33m⠼[39m Building...
[2K[1A[2K[G[33m⠴[39m Building...
[2K[1A[2K[G[33m⠦[39m Building...
[2K[1A[2K[G[33m⠧[39m Building...
[2K[1A[2K[G[32m✔[39m Building...
[2K[1A[2K[G[?25h[1mInitial chunk files[22m  [2m | [22m[1mNames[22m        [2m | [22m [1mRaw size[22m[2m | [22m[1mEstimated transfer size[22m
[32mmain-VS3CP7XI.js[39m     [2m | [22m[2mmain[22m         [2m | [22m[36m212.01 kB[39m[2m | [22m               [36m57.98 kB[39m
[32mpolyfills-YMBILSHJ.js[39m[2m | [22m[2mpolyfills[22m    [2m | [22m [36m34.59 kB[39m[2m | [22m               [36m11.33 kB[39m
[32mstyles-5INURTSO.css[39m  [2m | [22m[2mstyles[22m       [2m | [22m  [36m0 bytes[39m[2m | [22m                [36m0 bytes[39m

[1m [22m                    [2m | [22m[1mInitial total[22m[2m | [22m[1m246.60 kB[22m[2m | [22m               [1m69.32 kB[22m

Application bundle generation complete. [4.763 seconds] - 2025-11-11T21:55:20.073Z

Output location: /usr/local/google/home/jojwang/super/angular-v20-turbo/apps/angular-turbo-v20/dist/angular-turbo-v20

[?25h[1G[0K⠙[1G[0K
